<?xml version="1.0" encoding="UTF-8"?>
<testsuite xmlns:xsi="http://www.w3.org/2001/XMLSchema-instance" xsi:noNamespaceSchemaLocation="https://maven.apache.org/surefire/maven-surefire-plugin/xsd/surefire-test-report.xsd" version="3.0.2" name="com.dominio.projeto.ProjetoApplicationTests" time="1.544" tests="1" errors="0" skipped="0" failures="0" flakes="0">
  <properties>
[...]
</properties>
  <testcase name="contextLoads" classname="com.dominio.projeto.ProjetoApplicationTests" time="0.441">
    <system-out><![CDATA[16:34:55.756 [main] INFO org.springframework.test.context.support.AnnotationConfigContextLoaderUtils -- Could not detect default configuration classes for test class [com.dominio.projeto.ProjetoApplicationTests]: ProjetoApplicationTests does not declare any static, non-private, non-final, nested classes annotated with @Configuration.
16:34:55.813 [main] INFO org.springframework.boot.test.context.SpringBootTestContextBootstrapper -- Found @SpringBootConfiguration com.dominio.projeto.ProjetoApplication for test class com.dominio.projeto.ProjetoApplicationTests
16:34:55.922 [main] INFO org.springframework.boot.devtools.restart.RestartApplicationListener -- Restart disabled due to context in which it is running

  .   ____          _            __ _ _
 /\\ / ___'_ __ _ _(_)_ __  __ _ \ \ \ \
( ( )\___ | '_ | '_| | '_ \/ _` | \ \ \ \
 \\/  ___)| |_)| | | | | || (_| |  ) ) ) )
  '  |____| .__|_| |_|_| |_\__, | / / / /
 =========|_|==============|___/=/_/_/_/

 :: Spring Boot ::               (v3.5.13)

2026-04-08T16:34:56.110-03:00  INFO 200990 --- [projeto] [           main] c.d.projeto.ProjetoApplicationTests      : Starting ProjetoApplicationTests using Java 17.0.10 with PID 200990 (started by vvc in /home/vvc/projetos/spring-boot/projeto)
2026-04-08T16:34:56.112-03:00  INFO 200990 --- [projeto] [           main] c.d.projeto.ProjetoApplicationTests      : No active profile set, falling back to 1 default profile: "default"
2026-04-08T16:34:56.748-03:00  INFO 200990 --- [projeto] [           main] c.d.projeto.ProjetoApplicationTests      : Started ProjetoApplicationTests in 0.832 seconds (process running for 1.413)
]]></system-out>
  </testcase>
</testsuite>